<?xml version="1.0" encoding="UTF-8"?>
<testsuite xmlns:xsi="http://www.w3.org/2001/XMLSchema-instance" xsi:noNamespaceSchemaLocation="https://maven.apache.org/surefire/maven-surefire-plugin/xsd/surefire-test-report-3.0.xsd" version="3.0" name="com.example.CalculatorTest" time="0.008" tests="7" errors="0" skipped="0" failures="0">
  <properties>
[...]
</properties>
  <testcase name="testSubtractWithZero" classname="com.example.CalculatorTest" time="0.001"/>
  <testcase name="testSubtractWithNegativeResult" classname="com.example.CalculatorTest" time="0.0"/>
  <testcase name="testAddWithPositiveNumbers" classname="com.example.CalculatorTest" time="0.001"/>
  <testcase name="testMultiply" classname="com.example.CalculatorTest" time="0.0"/>
  <testcase name="testAddWithNegativeNumbers" classname="com.example.CalculatorTest" time="0.0"/>
  <testcase name="testAddWithZero" classname="com.example.CalculatorTest" time="0.0"/>
  <testcase name="testSubtractWithPositiveNumbers" classname="com.example.CalculatorTest" time="0.001"/>
</testsuite>